<?xml version="1.0" encoding="UTF-8"?>
<!-- Generated by org.testng.reporters.JUnitXMLReporter -->
<testsuite ignored="3" hostname="LAPTOP-GTNSAQQI" failures="0" tests="1" name="Default test" time="36.766" errors="0" timestamp="2024-01-12T10:59:33 IST">
  <testcase classname="com.testcases.Signup_test" name="signup_navigate_to_sign_in_page_when_clicks_on_sign_in_button" time="9.848"/>
  <testcase classname="com.testcases.Signup_test" name="signup_Data_without_agree" time="0.0">
    <ignored/>
  </testcase> <!-- signup_Data_without_agree -->
  <testcase classname="com.testcases.Signup_test" name="signup_clicks_on_signup_without_providing_data" time="0.0">
    <ignored/>
  </testcase> <!-- signup_clicks_on_signup_without_providing_data -->
  <testcase classname="com.testcases.Signup_test" name="signupData" time="0.0">
    <ignored/>
  </testcase> <!-- signupData -->
</testsuite> <!-- Default test -->
