<?xml version="1.0" encoding="UTF-8"?>
<testng-results ignored="0" total="3" passed="3" failed="0" skipped="0">
  <reporter-output>
  </reporter-output>
  <suite started-at="2024-01-15T12:01:06 IST" name="Default suite" finished-at="2024-01-15T12:02:31 IST" duration-ms="85688">
    <groups>
    </groups>
    <test started-at="2024-01-15T12:01:06 IST" name="Default test" finished-at="2024-01-15T12:02:31 IST" duration-ms="85688">
      <class name="com.testcases.search_Test">
        <test-method is-config="true" signature="setup()[pri:0, instance:com.testcases.search_Test@e3c0e40]" started-at="2024-01-15T12:01:06 IST" name="setup" finished-at="2024-01-15T12:01:32 IST" duration-ms="26467" status="PASS">
          <reporter-output>
          </reporter-output>
        </test-method> <!-- setup -->
        <test-method signature="search_the_product_and_able_to_see_the_related_matches()[pri:1, instance:com.testcases.search_Test@e3c0e40]" started-at="2024-01-15T12:01:32 IST" name="search_the_product_and_able_to_see_the_related_matches" finished-at="2024-01-15T12:01:49 IST" duration-ms="16980" status="PASS">
          <reporter-output>
          </reporter-output>
        </test-method> <!-- search_the_product_and_able_to_see_the_related_matches -->
        <test-method is-config="true" signature="teardown()[pri:0, instance:com.testcases.search_Test@e3c0e40]" started-at="2024-01-15T12:01:49 IST" name="teardown" finished-at="2024-01-15T12:01:49 IST" duration-ms="28" status="PASS">
          <reporter-output>
          </reporter-output>
        </test-method> <!-- teardown -->
        <test-method is-config="true" signature="setup()[pri:0, instance:com.testcases.search_Test@e3c0e40]" started-at="2024-01-15T12:01:49 IST" name="setup" finished-at="2024-01-15T12:02:09 IST" duration-ms="19697" status="PASS">
          <reporter-output>
          </reporter-output>
        </test-method> <!-- setup -->
        <test-method signature="without_providing_data_user_clicks_on_search_button()[pri:2, instance:com.testcases.search_Test@e3c0e40]" started-at="2024-01-15T12:02:09 IST" name="without_providing_data_user_clicks_on_search_button" finished-at="2024-01-15T12:02:15 IST" duration-ms="5481" status="PASS">
          <reporter-output>
          </reporter-output>
        </test-method> <!-- without_providing_data_user_clicks_on_search_button -->
        <test-method is-config="true" signature="teardown()[pri:0, instance:com.testcases.search_Test@e3c0e40]" started-at="2024-01-15T12:02:15 IST" name="teardown" finished-at="2024-01-15T12:02:15 IST" duration-ms="0" status="PASS">
          <reporter-output>
          </reporter-output>
        </test-method> <!-- teardown -->
        <test-method is-config="true" signature="setup()[pri:0, instance:com.testcases.search_Test@e3c0e40]" started-at="2024-01-15T12:02:15 IST" name="setup" finished-at="2024-01-15T12:02:31 IST" duration-ms="16375" status="PASS">
          <reporter-output>
          </reporter-output>
        </test-method> <!-- setup -->
        <test-method signature="invalid_data_in_search_field()[pri:3, instance:com.testcases.search_Test@e3c0e40]" started-at="2024-01-15T12:02:31 IST" name="invalid_data_in_search_field" finished-at="2024-01-15T12:02:31 IST" duration-ms="494" status="PASS">
          <reporter-output>
          </reporter-output>
        </test-method> <!-- invalid_data_in_search_field -->
        <test-method is-config="true" signature="teardown()[pri:0, instance:com.testcases.search_Test@e3c0e40]" started-at="2024-01-15T12:02:31 IST" name="teardown" finished-at="2024-01-15T12:02:31 IST" duration-ms="3" status="PASS">
          <reporter-output>
          </reporter-output>
        </test-method> <!-- teardown -->
      </class> <!-- com.testcases.search_Test -->
    </test> <!-- Default test -->
  </suite> <!-- Default suite -->
</testng-results>
